[debug] [2022-02-05T12:43:08.854Z] ----------------------------------------------------------------------
[debug] [2022-02-05T12:43:08.859Z] Command:       C:\Program Files\nodejs\node.exe C:\Users\DELL\AppData\Roaming\npm\node_modules\firebase-tools\lib\bin\firebase.js init
[debug] [2022-02-05T12:43:08.859Z] CLI Version:   8.15.1
[debug] [2022-02-05T12:43:08.860Z] Platform:      win32
[debug] [2022-02-05T12:43:08.860Z] Node Version:  v14.18.0
[debug] [2022-02-05T12:43:08.861Z] Time:          Sat Feb 05 2022 18:13:08 GMT+0530 (India Standard Time)
[debug] [2022-02-05T12:43:08.862Z] ----------------------------------------------------------------------
[debug] [2022-02-05T12:43:08.862Z] 
[debug] [2022-02-05T12:43:08.875Z] > command requires scopes: ["email","openid","https://www.googleapis.com/auth/cloudplatformprojects.readonly","https://www.googleapis.com/auth/firebase","https://www.googleapis.com/auth/cloud-platform"]
[debug] [2022-02-05T12:43:08.876Z] > authorizing via signed-in user
[info] 
     ######## #### ########  ######## ########     ###     ######  ########
     ##        ##  ##     ## ##       ##     ##  ##   ##  ##       ##
     ######    ##  ########  ######   ########  #########  ######  ######
     ##        ##  ##    ##  ##       ##     ## ##     ##       ## ##
     ##       #### ##     ## ######## ########  ##     ##  ######  ########

You're about to initialize a Firebase project in this directory:

  F:\gitClones\GeneralProgramming\fireshipTwitterAPI\twitterBot2

[debug] [2022-02-05T12:43:31.898Z] ----------------------------------------------------------------------
[debug] [2022-02-05T12:43:31.902Z] Command:       C:\Program Files\nodejs\node.exe C:\Users\DELL\AppData\Roaming\npm\node_modules\firebase-tools\lib\bin\firebase.js init functions
[debug] [2022-02-05T12:43:31.903Z] CLI Version:   8.15.1
[debug] [2022-02-05T12:43:31.903Z] Platform:      win32
[debug] [2022-02-05T12:43:31.903Z] Node Version:  v14.18.0
[debug] [2022-02-05T12:43:31.905Z] Time:          Sat Feb 05 2022 18:13:31 GMT+0530 (India Standard Time)
[debug] [2022-02-05T12:43:31.906Z] ----------------------------------------------------------------------
[debug] [2022-02-05T12:43:31.906Z] 
[debug] [2022-02-05T12:43:31.919Z] > command requires scopes: ["email","openid","https://www.googleapis.com/auth/cloudplatformprojects.readonly","https://www.googleapis.com/auth/firebase","https://www.googleapis.com/auth/cloud-platform"]
[debug] [2022-02-05T12:43:31.920Z] > authorizing via signed-in user
[info] 
     ######## #### ########  ######## ########     ###     ######  ########
     ##        ##  ##     ## ##       ##     ##  ##   ##  ##       ##
     ######    ##  ########  ######   ########  #########  ######  ######
     ##        ##  ##    ##  ##       ##     ## ##     ##       ## ##
     ##       #### ##     ## ######## ########  ##     ##  ######  ########

You're about to initialize a Firebase project in this directory:

  F:\gitClones\GeneralProgramming\fireshipTwitterAPI\twitterBot2

[info] 
=== Project Setup
[info] 
[info] First, let's associate this project directory with a Firebase project.
[info] You can create multiple project aliases by running firebase use --add, 
[info] but for now we'll just set up a default project.
[info] 
[info] i  If you want to create a project in a Google Cloud organization or folder, please use "firebase projects:create" instead, and return to this command when you've created the project. 
[debug] [2022-02-05T12:44:29.968Z] ----------------------------------------------------------------------
[debug] [2022-02-05T12:44:29.973Z] Command:       C:\Program Files\nodejs\node.exe C:\Users\DELL\AppData\Roaming\npm\node_modules\firebase-tools\lib\bin\firebase.js init functions
[debug] [2022-02-05T12:44:29.974Z] CLI Version:   8.15.1
[debug] [2022-02-05T12:44:29.974Z] Platform:      win32
[debug] [2022-02-05T12:44:29.974Z] Node Version:  v14.18.0
[debug] [2022-02-05T12:44:29.976Z] Time:          Sat Feb 05 2022 18:14:29 GMT+0530 (India Standard Time)
[debug] [2022-02-05T12:44:29.976Z] ----------------------------------------------------------------------
[debug] [2022-02-05T12:44:29.977Z] 
[debug] [2022-02-05T12:44:29.989Z] > command requires scopes: ["email","openid","https://www.googleapis.com/auth/cloudplatformprojects.readonly","https://www.googleapis.com/auth/firebase","https://www.googleapis.com/auth/cloud-platform"]
[debug] [2022-02-05T12:44:29.990Z] > authorizing via signed-in user
[info] 
     ######## #### ########  ######## ########     ###     ######  ########
     ##        ##  ##     ## ##       ##     ##  ##   ##  ##       ##
     ######    ##  ########  ######   ########  #########  ######  ######
     ##        ##  ##    ##  ##       ##     ## ##     ##       ## ##
     ##       #### ##     ## ######## ########  ##     ##  ######  ########

You're about to initialize a Firebase project in this directory:

  F:\gitClones\GeneralProgramming\fireshipTwitterAPI\twitterBot2

[info] 
=== Project Setup
[info] 
[info] First, let's associate this project directory with a Firebase project.
[info] You can create multiple project aliases by running firebase use --add, 
[info] but for now we'll just set up a default project.
[info] 
[debug] [2022-02-05T12:44:41.361Z] > refreshing access token with scopes: ["email","https://www.googleapis.com/auth/cloud-platform","https://www.googleapis.com/auth/cloudplatformprojects.readonly","https://www.googleapis.com/auth/firebase","openid"]
[debug] [2022-02-05T12:44:41.362Z] >>> HTTP REQUEST POST https://www.googleapis.com/oauth2/v3/token  
 <request body omitted>
[debug] [2022-02-05T12:44:41.730Z] <<< HTTP RESPONSE 400 {"cache-control":"no-cache, no-store, max-age=0, must-revalidate","expires":"Mon, 01 Jan 1990 00:00:00 GMT","date":"Sat, 05 Feb 2022 12:44:42 GMT","pragma":"no-cache","content-type":"application/json; charset=utf-8","vary":"X-Origin, Referer, Origin,Accept-Encoding","server":"scaffolding on HTTPServer2","x-xss-protection":"0","x-frame-options":"SAMEORIGIN","x-content-type-options":"nosniff","alt-svc":"h3=\":443\"; ma=2592000,h3-29=\":443\"; ma=2592000,h3-Q050=\":443\"; ma=2592000,h3-Q046=\":443\"; ma=2592000,h3-Q043=\":443\"; ma=2592000,quic=\":443\"; ma=2592000; v=\"46,43\"","accept-ranges":"none","transfer-encoding":"chunked"}
[debug] [2022-02-05T12:44:41.735Z] >>> HTTP REQUEST GET https://firebase.googleapis.com/v1beta1/projects?pageSize=100  
 
[debug] [2022-02-05T12:44:42.419Z] <<< HTTP RESPONSE 401 {"www-authenticate":"Bearer realm=\"https://accounts.google.com/\", error=\"invalid_token\"","vary":"X-Origin, Referer, Origin,Accept-Encoding","content-type":"application/json; charset=UTF-8","date":"Sat, 05 Feb 2022 12:44:42 GMT","server":"ESF","cache-control":"private","x-xss-protection":"0","x-frame-options":"SAMEORIGIN","x-content-type-options":"nosniff","alt-svc":"h3=\":443\"; ma=2592000,h3-29=\":443\"; ma=2592000,h3-Q050=\":443\"; ma=2592000,h3-Q046=\":443\"; ma=2592000,h3-Q043=\":443\"; ma=2592000,quic=\":443\"; ma=2592000; v=\"46,43\"","accept-ranges":"none","transfer-encoding":"chunked"}
[debug] [2022-02-05T12:44:42.420Z] <<< HTTP RESPONSE BODY {"error":{"code":401,"message":"Request had invalid authentication credentials. Expected OAuth 2 access token, login cookie or other valid authentication credential. See https://developers.google.com/identity/sign-in/web/devconsole-project.","status":"UNAUTHENTICATED"}}
[debug] [2022-02-05T12:44:42.424Z] HTTP Error: 401, Request had invalid authentication credentials. Expected OAuth 2 access token, login cookie or other valid authentication credential. See https://developers.google.com/identity/sign-in/web/devconsole-project.
[debug] [2022-02-05T12:44:42.758Z] FirebaseError: HTTP Error: 401, Request had invalid authentication credentials. Expected OAuth 2 access token, login cookie or other valid authentication credential. See https://developers.google.com/identity/sign-in/web/devconsole-project.
    at module.exports (C:\Users\DELL\AppData\Roaming\npm\node_modules\firebase-tools\lib\responseToError.js:38:12)
    at Request._callback (C:\Users\DELL\AppData\Roaming\npm\node_modules\firebase-tools\lib\api.js:41:35)
    at Request.self.callback (C:\Users\DELL\AppData\Roaming\npm\node_modules\firebase-tools\node_modules\request\request.js:185:22)
    at Request.emit (events.js:400:28)
    at Request.emit (domain.js:475:12)
    at Request.<anonymous> (C:\Users\DELL\AppData\Roaming\npm\node_modules\firebase-tools\node_modules\request\request.js:1154:10)
    at Request.emit (events.js:400:28)
    at Request.emit (domain.js:475:12)
    at IncomingMessage.<anonymous> (C:\Users\DELL\AppData\Roaming\npm\node_modules\firebase-tools\node_modules\request\request.js:1076:12)
    at Object.onceWrapper (events.js:519:28)
    at IncomingMessage.emit (events.js:412:35)
    at IncomingMessage.emit (domain.js:475:12)
    at endReadableNT (internal/streams/readable.js:1334:12)
    at processTicksAndRejections (internal/process/task_queues.js:82:21)
[error] 
[error] Error: Failed to list Firebase projects. See firebase-debug.log for more info.
